d:\rtclivepush\rtclivepusher-cpp\demopusher\debug\qrc_demopusher.obj
d:\rtclivepush\rtclivepusher-cpp\demopusher\debug\moc_demopusher.obj
d:\rtclivepush\rtclivepusher-cpp\demopusher\debug\vc141.pdb
d:\rtclivepush\rtclivepusher-cpp\demopusher\debug\main.obj
d:\rtclivepush\rtclivepusher-cpp\demopusher\debug\demopusher.obj
d:\rtclivepush\rtclivepusher-cpp\demopusher\debug\devicesetting.obj
d:\rtclivepush\rtclivepusher-cpp\demopusher\debug\moc_devicesetting.obj
d:\rtclivepush\rtclivepusher-cpp\demopusher\debug\uic\ui_demopusher.h
d:\rtclivepush\rtclivepusher-cpp\demopusher\debug\rcc\qrc_demopusher.cpp
d:\rtclivepush\rtclivepusher-cpp\demopusher\debug\moc\moc_demopusher.cpp
d:\rtclivepush\rtclivepusher-cpp\demopusher\debug\uic\ui_devicesetting.h
d:\rtclivepush\rtclivepusher-cpp\demopusher\debug\moc\moc_devicesetting.cpp
d:\rtclivepush\rtclivepusher-cpp\debug\demopusher.exe
d:\rtclivepush\rtclivepusher-cpp\debug\demopusher.ilk
d:\rtclivepush\rtclivepusher-cpp\debug\demopusher.pdb
d:\rtclivepush\rtclivepusher-cpp\demopusher\debug\\moc\moc_demopusher.cpp
d:\rtclivepush\rtclivepusher-cpp\demopusher\debug\\moc\moc_devicesetting.cpp
d:\rtclivepush\rtclivepusher-cpp\demopusher\debug\\rcc\qrc_demopusher.cpp
d:\rtclivepush\rtclivepusher-cpp\demopusher\debug\\uic\ui_demopusher.h
d:\rtclivepush\rtclivepusher-cpp\demopusher\debug\\uic\ui_devicesetting.h
d:\rtclivepush\rtclivepusher-cpp\demopusher\debug\demopusher.tlog\cl.command.1.tlog
d:\rtclivepush\rtclivepusher-cpp\demopusher\debug\demopusher.tlog\cl.read.1.tlog
d:\rtclivepush\rtclivepusher-cpp\demopusher\debug\demopusher.tlog\cl.write.1.tlog
d:\rtclivepush\rtclivepusher-cpp\demopusher\debug\demopusher.tlog\demopusher.write.1u.tlog
d:\rtclivepush\rtclivepusher-cpp\demopusher\debug\demopusher.tlog\link.command.1.tlog
d:\rtclivepush\rtclivepusher-cpp\demopusher\debug\demopusher.tlog\link.read.1.tlog
d:\rtclivepush\rtclivepusher-cpp\demopusher\debug\demopusher.tlog\link.write.1.tlog
d:\rtclivepush\rtclivepusher-cpp\demopusher\debug\demopusher.tlog\moc.read.1u.tlog
d:\rtclivepush\rtclivepusher-cpp\demopusher\debug\demopusher.tlog\moc.write.1u.tlog
d:\rtclivepush\rtclivepusher-cpp\demopusher\debug\demopusher.tlog\rcc.read.1u.tlog
d:\rtclivepush\rtclivepusher-cpp\demopusher\debug\demopusher.tlog\rcc.write.1u.tlog
d:\rtclivepush\rtclivepusher-cpp\demopusher\debug\demopusher.tlog\uic.read.1u.tlog
d:\rtclivepush\rtclivepusher-cpp\demopusher\debug\demopusher.tlog\uic.write.1u.tlog
